{"C:\\Users\\S2adPC\\Documents\\Projets\\boat-app-gui\\src\\test-utils.ts": {"path":"C:\\Users\\S2adPC\\Documents\\Projets\\boat-app-gui\\src\\test-utils.ts","statementMap":{"0":{"start":{"line":2,"column":0},"end":{"line":2,"column":null}},"1":{"start":{"line":3,"column":0},"end":{"line":3,"column":null}},"2":{"start":{"line":7,"column":0},"end":{"line":7,"column":null}},"3":{"start":{"line":10,"column":19},"end":{"line":10,"column":null}},"4":{"start":{"line":11,"column":18},"end":{"line":11,"column":22}},"5":{"start":{"line":12,"column":2},"end":{"line":12,"column":9}},"6":{"start":{"line":14,"column":6},"end":{"line":14,"column":13}},"7":{"start":{"line":22,"column":6},"end":{"line":22,"column":13}},"8":{"start":{"line":31,"column":23},"end":{"line":31,"column":null}},"9":{"start":{"line":32,"column":96},"end":{"line":32,"column":103}},"10":{"start":{"line":33,"column":57},"end":{"line":33,"column":64}},"11":{"start":{"line":36,"column":27},"end":{"line":36,"column":73}},"12":{"start":{"line":36,"column":66},"end":{"line":36,"column":73}},"13":{"start":{"line":38,"column":25},"end":{"line":41,"column":null}},"14":{"start":{"line":39,"column":18},"end":{"line":39,"column":30}},"15":{"start":{"line":40,"column":2},"end":{"line":40,"column":9}},"16":{"start":{"line":43,"column":15},"end":{"line":43,"column":null}}},"fnMap":{"0":{"name":"wrapper","decl":{"start":{"line":9,"column":9},"end":{"line":9,"column":16}},"loc":{"start":{"line":9,"column":16},"end":{"line":29,"column":null}}},"1":{"name":"(anonymous_1)","decl":{"start":{"line":13,"column":4},"end":{"line":13,"column":9}},"loc":{"start":{"line":13,"column":59},"end":{"line":19,"column":null}}},"2":{"name":"(anonymous_2)","decl":{"start":{"line":21,"column":4},"end":{"line":21,"column":16}},"loc":{"start":{"line":21,"column":73},"end":{"line":27,"column":null}}},"3":{"name":"(anonymous_3)","decl":{"start":{"line":32,"column":9},"end":{"line":32,"column":10}},"loc":{"start":{"line":32,"column":96},"end":{"line":32,"column":103}}},"4":{"name":"(anonymous_4)","decl":{"start":{"line":33,"column":16},"end":{"line":33,"column":17}},"loc":{"start":{"line":33,"column":57},"end":{"line":33,"column":64}}},"5":{"name":"(anonymous_5)","decl":{"start":{"line":36,"column":27},"end":{"line":36,"column":28}},"loc":{"start":{"line":36,"column":66},"end":{"line":36,"column":73}}},"6":{"name":"(anonymous_6)","decl":{"start":{"line":38,"column":25},"end":{"line":38,"column":26}},"loc":{"start":{"line":38,"column":99},"end":{"line":41,"column":null}}}},"branchMap":{"0":{"loc":{"start":{"line":32,"column":89},"end":{"line":32,"column":96}},"type":"default-arg","locations":[{"start":{"line":32,"column":89},"end":{"line":32,"column":96}}]},"1":{"loc":{"start":{"line":33,"column":50},"end":{"line":33,"column":57}},"type":"default-arg","locations":[{"start":{"line":33,"column":50},"end":{"line":33,"column":57}}]}},"s":{"0":4,"1":4,"2":4,"3":18,"4":18,"5":18,"6":12,"7":6,"8":4,"9":12,"10":6,"11":4,"12":27,"13":4,"14":7,"15":7,"16":4},"f":{"0":18,"1":12,"2":6,"3":12,"4":6,"5":27,"6":7},"b":{"0":[0],"1":[0]}}
,"C:\\Users\\S2adPC\\Documents\\Projets\\boat-app-gui\\src\\components\\BoatButtonActions.vue": {"path":"C:\\Users\\S2adPC\\Documents\\Projets\\boat-app-gui\\src\\components\\BoatButtonActions.vue","statementMap":{"0":{"start":{"line":23,"column":0},"end":{"line":23,"column":null}},"1":{"start":{"line":24,"column":0},"end":{"line":24,"column":null}},"2":{"start":{"line":25,"column":0},"end":{"line":25,"column":null}},"3":{"start":{"line":26,"column":0},"end":{"line":26,"column":null}},"4":{"start":{"line":28,"column":0},"end":{"line":28,"column":null}},"5":{"start":{"line":35,"column":0},"end":{"line":35,"column":null}},"6":{"start":{"line":40,"column":0},"end":{"line":40,"column":null}},"7":{"start":{"line":42,"column":0},"end":{"line":42,"column":null}},"8":{"start":{"line":45,"column":0},"end":{"line":45,"column":null}},"9":{"start":{"line":49,"column":0},"end":{"line":49,"column":null}},"10":{"start":{"line":53,"column":0},"end":{"line":53,"column":null}},"11":{"start":{"line":54,"column":0},"end":{"line":54,"column":null}},"12":{"start":{"line":58,"column":0},"end":{"line":58,"column":null}},"13":{"start":{"line":62,"column":0},"end":{"line":62,"column":null}},"14":{"start":{"line":36,"column":0},"end":{"line":36,"column":null}},"15":{"start":{"line":38,"column":0},"end":{"line":38,"column":null}},"16":{"start":{"line":35,"column":0},"end":{"line":29,"column":null}}},"fnMap":{"0":{"name":"(anonymous_1)","decl":{"start":{"line":35,"column":0},"end":{"line":35,"column":null}},"loc":{"start":{"line":35,"column":0},"end":{"line":64,"column":null}}},"1":{"name":"(anonymous_2)","decl":{"start":{"line":44,"column":0},"end":{"line":44,"column":null}},"loc":{"start":{"line":44,"column":0},"end":{"line":46,"column":null}}},"2":{"name":"(anonymous_3)","decl":{"start":{"line":48,"column":0},"end":{"line":48,"column":null}},"loc":{"start":{"line":48,"column":0},"end":{"line":50,"column":null}}},"3":{"name":"(anonymous_4)","decl":{"start":{"line":52,"column":0},"end":{"line":52,"column":null}},"loc":{"start":{"line":52,"column":0},"end":{"line":55,"column":null}}},"4":{"name":"(anonymous_5)","decl":{"start":{"line":57,"column":0},"end":{"line":57,"column":null}},"loc":{"start":{"line":57,"column":0},"end":{"line":59,"column":null}}},"5":{"name":"(anonymous_6)","decl":{"start":{"line":61,"column":0},"end":{"line":61,"column":null}},"loc":{"start":{"line":61,"column":0},"end":{"line":63,"column":null}}}},"branchMap":{},"s":{"0":2,"1":2,"2":2,"3":2,"4":2,"5":2,"6":16,"7":16,"8":3,"9":2,"10":1,"11":1,"12":2,"13":0,"14":2,"15":2,"16":2},"f":{"0":16,"1":3,"2":2,"3":1,"4":2,"5":0},"b":{}}
,"C:\\Users\\S2adPC\\Documents\\Projets\\boat-app-gui\\src\\components\\ConfirmModal.vue": {"path":"C:\\Users\\S2adPC\\Documents\\Projets\\boat-app-gui\\src\\components\\ConfirmModal.vue","statementMap":{"0":{"start":{"line":18,"column":0},"end":{"line":18,"column":null}},"1":{"start":{"line":21,"column":0},"end":{"line":21,"column":null}},"2":{"start":{"line":22,"column":0},"end":{"line":22,"column":null}},"3":{"start":{"line":25,"column":0},"end":{"line":25,"column":null}},"4":{"start":{"line":26,"column":0},"end":{"line":26,"column":null}},"5":{"start":{"line":30,"column":0},"end":{"line":30,"column":null}},"6":{"start":{"line":31,"column":0},"end":{"line":31,"column":null}}},"fnMap":{"0":{"name":"(anonymous_1)","decl":{"start":{"line":21,"column":0},"end":{"line":21,"column":null}},"loc":{"start":{"line":21,"column":0},"end":{"line":33,"column":null}}},"1":{"name":"(anonymous_2)","decl":{"start":{"line":24,"column":0},"end":{"line":24,"column":null}},"loc":{"start":{"line":24,"column":0},"end":{"line":27,"column":null}}},"2":{"name":"(anonymous_3)","decl":{"start":{"line":29,"column":0},"end":{"line":29,"column":null}},"loc":{"start":{"line":29,"column":0},"end":{"line":32,"column":null}}}},"branchMap":{},"s":{"0":3,"1":6,"2":4,"3":1,"4":1,"5":1,"6":1},"f":{"0":4,"1":1,"2":1},"b":{}}
,"C:\\Users\\S2adPC\\Documents\\Projets\\boat-app-gui\\src\\components\\DescriptionBoat.vue": {"path":"C:\\Users\\S2adPC\\Documents\\Projets\\boat-app-gui\\src\\components\\DescriptionBoat.vue","statementMap":{"0":{"start":{"line":34,"column":0},"end":{"line":34,"column":null}},"1":{"start":{"line":37,"column":0},"end":{"line":37,"column":null}},"2":{"start":{"line":38,"column":0},"end":{"line":38,"column":null}},"3":{"start":{"line":40,"column":0},"end":{"line":40,"column":null}},"4":{"start":{"line":47,"column":0},"end":{"line":47,"column":null}},"5":{"start":{"line":54,"column":0},"end":{"line":54,"column":null}},"6":{"start":{"line":57,"column":0},"end":{"line":57,"column":null}},"7":{"start":{"line":61,"column":0},"end":{"line":61,"column":null}},"8":{"start":{"line":65,"column":0},"end":{"line":65,"column":null}},"9":{"start":{"line":48,"column":0},"end":{"line":48,"column":null}},"10":{"start":{"line":50,"column":0},"end":{"line":50,"column":null}},"11":{"start":{"line":52,"column":0},"end":{"line":52,"column":null}},"12":{"start":{"line":64,"column":0},"end":{"line":64,"column":null}},"13":{"start":{"line":47,"column":0},"end":{"line":42,"column":null}}},"fnMap":{"0":{"name":"(anonymous_1)","decl":{"start":{"line":47,"column":0},"end":{"line":47,"column":null}},"loc":{"start":{"line":47,"column":0},"end":{"line":67,"column":null}}},"1":{"name":"(anonymous_2)","decl":{"start":{"line":56,"column":0},"end":{"line":56,"column":null}},"loc":{"start":{"line":56,"column":0},"end":{"line":58,"column":null}}},"2":{"name":"(anonymous_3)","decl":{"start":{"line":57,"column":0},"end":{"line":57,"column":null}},"loc":{"start":{"line":57,"column":0},"end":{"line":57,"column":null}}},"3":{"name":"(anonymous_4)","decl":{"start":{"line":60,"column":0},"end":{"line":60,"column":null}},"loc":{"start":{"line":60,"column":0},"end":{"line":62,"column":null}}},"4":{"name":"(anonymous_5)","decl":{"start":{"line":64,"column":0},"end":{"line":64,"column":null}},"loc":{"start":{"line":64,"column":0},"end":{"line":66,"column":null}}}},"branchMap":{"0":{"loc":{"start":{"line":57,"column":0},"end":{"line":57,"column":null}},"type":"binary-expr","locations":[{"start":{"line":57,"column":0},"end":{"line":57,"column":null}},{"start":{"line":57,"column":0},"end":{"line":57,"column":null}}]}},"s":{"0":3,"1":3,"2":3,"3":3,"4":3,"5":6,"6":12,"7":3,"8":2,"9":3,"10":3,"11":3,"12":3,"13":3},"f":{"0":6,"1":8,"2":4,"3":3,"4":2},"b":{"0":[20,18]}}
,"C:\\Users\\S2adPC\\Documents\\Projets\\boat-app-gui\\src\\components\\EditBoatModal.vue": {"path":"C:\\Users\\S2adPC\\Documents\\Projets\\boat-app-gui\\src\\components\\EditBoatModal.vue","statementMap":{"0":{"start":{"line":64,"column":0},"end":{"line":64,"column":null}},"1":{"start":{"line":65,"column":0},"end":{"line":65,"column":null}},"2":{"start":{"line":67,"column":0},"end":{"line":67,"column":null}},"3":{"start":{"line":68,"column":0},"end":{"line":68,"column":null}},"4":{"start":{"line":70,"column":0},"end":{"line":70,"column":null}},"5":{"start":{"line":79,"column":0},"end":{"line":79,"column":null}},"6":{"start":{"line":90,"column":0},"end":{"line":90,"column":null}},"7":{"start":{"line":97,"column":0},"end":{"line":97,"column":null}},"8":{"start":{"line":104,"column":0},"end":{"line":106,"column":null}},"9":{"start":{"line":105,"column":0},"end":{"line":105,"column":null}},"10":{"start":{"line":110,"column":0},"end":{"line":110,"column":null}},"11":{"start":{"line":114,"column":0},"end":{"line":114,"column":null}},"12":{"start":{"line":115,"column":0},"end":{"line":119,"column":null}},"13":{"start":{"line":116,"column":0},"end":{"line":116,"column":null}},"14":{"start":{"line":118,"column":0},"end":{"line":118,"column":null}},"15":{"start":{"line":120,"column":0},"end":{"line":120,"column":null}},"16":{"start":{"line":124,"column":0},"end":{"line":124,"column":null}},"17":{"start":{"line":128,"column":0},"end":{"line":133,"column":null}},"18":{"start":{"line":129,"column":0},"end":{"line":129,"column":null}},"19":{"start":{"line":131,"column":0},"end":{"line":131,"column":null}},"20":{"start":{"line":132,"column":0},"end":{"line":132,"column":null}},"21":{"start":{"line":80,"column":0},"end":{"line":80,"column":null}},"22":{"start":{"line":82,"column":0},"end":{"line":82,"column":null}},"23":{"start":{"line":84,"column":0},"end":{"line":84,"column":null}},"24":{"start":{"line":86,"column":0},"end":{"line":86,"column":null}},"25":{"start":{"line":88,"column":0},"end":{"line":88,"column":null}},"26":{"start":{"line":79,"column":0},"end":{"line":72,"column":null}}},"fnMap":{"0":{"name":"(anonymous_1)","decl":{"start":{"line":79,"column":0},"end":{"line":79,"column":null}},"loc":{"start":{"line":79,"column":0},"end":{"line":135,"column":null}}},"1":{"name":"(anonymous_2)","decl":{"start":{"line":96,"column":0},"end":{"line":96,"column":null}},"loc":{"start":{"line":96,"column":0},"end":{"line":101,"column":null}}},"2":{"name":"(anonymous_3)","decl":{"start":{"line":103,"column":0},"end":{"line":103,"column":null}},"loc":{"start":{"line":103,"column":0},"end":{"line":107,"column":null}}},"3":{"name":"(anonymous_4)","decl":{"start":{"line":109,"column":0},"end":{"line":109,"column":null}},"loc":{"start":{"line":109,"column":0},"end":{"line":111,"column":null}}},"4":{"name":"(anonymous_5)","decl":{"start":{"line":113,"column":0},"end":{"line":113,"column":null}},"loc":{"start":{"line":113,"column":0},"end":{"line":121,"column":null}}},"5":{"name":"(anonymous_6)","decl":{"start":{"line":123,"column":0},"end":{"line":123,"column":null}},"loc":{"start":{"line":123,"column":0},"end":{"line":125,"column":null}}},"6":{"name":"(anonymous_7)","decl":{"start":{"line":127,"column":0},"end":{"line":127,"column":null}},"loc":{"start":{"line":127,"column":0},"end":{"line":134,"column":null}}},"7":{"name":"(anonymous_8)","decl":{"start":{"line":131,"column":0},"end":{"line":131,"column":null}},"loc":{"start":{"line":131,"column":0},"end":{"line":131,"column":null}}}},"branchMap":{"0":{"loc":{"start":{"line":97,"column":0},"end":{"line":97,"column":null}},"type":"binary-expr","locations":[{"start":{"line":97,"column":0},"end":{"line":97,"column":null}},{"start":{"line":97,"column":0},"end":{"line":97,"column":null}}]},"1":{"loc":{"start":{"line":104,"column":0},"end":{"line":106,"column":null}},"type":"if","locations":[{"start":{"line":104,"column":0},"end":{"line":106,"column":null}},{"start":{"line":104,"column":0},"end":{"line":106,"column":null}}]},"2":{"loc":{"start":{"line":115,"column":0},"end":{"line":119,"column":null}},"type":"if","locations":[{"start":{"line":115,"column":0},"end":{"line":119,"column":null}},{"start":{"line":115,"column":0},"end":{"line":119,"column":null}}]},"3":{"loc":{"start":{"line":128,"column":0},"end":{"line":133,"column":null}},"type":"if","locations":[{"start":{"line":128,"column":0},"end":{"line":133,"column":null}},{"start":{"line":128,"column":0},"end":{"line":133,"column":null}}]},"4":{"loc":{"start":{"line":131,"column":0},"end":{"line":131,"column":null}},"type":"default-arg","locations":[{"start":{"line":131,"column":0},"end":{"line":131,"column":null}}]},"5":{"loc":{"start":{"line":131,"column":0},"end":{"line":131,"column":null}},"type":"binary-expr","locations":[{"start":{"line":131,"column":0},"end":{"line":131,"column":null}},{"start":{"line":131,"column":0},"end":{"line":131,"column":null}}]}},"s":{"0":3,"1":3,"2":3,"3":3,"4":3,"5":3,"6":8,"7":13,"8":0,"9":0,"10":2,"11":2,"12":2,"13":1,"14":1,"15":2,"16":2,"17":8,"18":3,"19":6,"20":3,"21":3,"22":3,"23":3,"24":3,"25":3,"26":3},"f":{"0":8,"1":13,"2":0,"3":2,"4":2,"5":2,"6":8,"7":3},"b":{"0":[13,8],"1":[0,0],"2":[1,1],"3":[3,5],"4":[2],"5":[3,0]}}
,"C:\\Users\\S2adPC\\Documents\\Projets\\boat-app-gui\\src\\components\\ListBoat.vue": {"path":"C:\\Users\\S2adPC\\Documents\\Projets\\boat-app-gui\\src\\components\\ListBoat.vue","statementMap":{"0":{"start":{"line":35,"column":0},"end":{"line":35,"column":null}},"1":{"start":{"line":36,"column":0},"end":{"line":36,"column":null}},"2":{"start":{"line":37,"column":0},"end":{"line":37,"column":null}},"3":{"start":{"line":39,"column":0},"end":{"line":39,"column":null}},"4":{"start":{"line":40,"column":0},"end":{"line":40,"column":null}},"5":{"start":{"line":42,"column":0},"end":{"line":42,"column":null}},"6":{"start":{"line":51,"column":0},"end":{"line":51,"column":null}},"7":{"start":{"line":58,"column":0},"end":{"line":58,"column":null}},"8":{"start":{"line":71,"column":0},"end":{"line":79,"column":null}},"9":{"start":{"line":61,"column":0},"end":{"line":61,"column":null}},"10":{"start":{"line":63,"column":0},"end":{"line":68,"column":null}},"11":{"start":{"line":64,"column":0},"end":{"line":64,"column":null}},"12":{"start":{"line":66,"column":0},"end":{"line":66,"column":null}},"13":{"start":{"line":67,"column":0},"end":{"line":67,"column":null}},"14":{"start":{"line":88,"column":0},"end":{"line":88,"column":null}},"15":{"start":{"line":90,"column":0},"end":{"line":90,"column":null}},"16":{"start":{"line":91,"column":0},"end":{"line":91,"column":null}},"17":{"start":{"line":52,"column":0},"end":{"line":52,"column":null}},"18":{"start":{"line":54,"column":0},"end":{"line":54,"column":null}},"19":{"start":{"line":56,"column":0},"end":{"line":56,"column":null}},"20":{"start":{"line":51,"column":0},"end":{"line":44,"column":null}}},"fnMap":{"0":{"name":"(anonymous_1)","decl":{"start":{"line":51,"column":0},"end":{"line":51,"column":null}},"loc":{"start":{"line":51,"column":0},"end":{"line":93,"column":null}}},"1":{"name":"(anonymous_2)","decl":{"start":{"line":60,"column":0},"end":{"line":60,"column":null}},"loc":{"start":{"line":60,"column":0},"end":{"line":69,"column":null}}},"2":{"name":"(anonymous_3)","decl":{"start":{"line":87,"column":0},"end":{"line":87,"column":null}},"loc":{"start":{"line":87,"column":0},"end":{"line":92,"column":null}}}},"branchMap":{"0":{"loc":{"start":{"line":63,"column":0},"end":{"line":68,"column":null}},"type":"if","locations":[{"start":{"line":63,"column":0},"end":{"line":68,"column":null}},{"start":{"line":63,"column":0},"end":{"line":68,"column":null}}]},"1":{"loc":{"start":{"line":63,"column":0},"end":{"line":63,"column":null}},"type":"binary-expr","locations":[{"start":{"line":63,"column":0},"end":{"line":63,"column":null}},{"start":{"line":63,"column":0},"end":{"line":63,"column":null}}]}},"s":{"0":1,"1":1,"2":1,"3":1,"4":1,"5":1,"6":1,"7":4,"8":4,"9":1,"10":1,"11":1,"12":1,"13":1,"14":4,"15":4,"16":4,"17":1,"18":1,"19":1,"20":1},"f":{"0":4,"1":1,"2":4},"b":{"0":[1,0],"1":[1,1]}}
,"C:\\Users\\S2adPC\\Documents\\Projets\\boat-app-gui\\src\\components\\Toolbar.vue": {"path":"C:\\Users\\S2adPC\\Documents\\Projets\\boat-app-gui\\src\\components\\Toolbar.vue","statementMap":{"0":{"start":{"line":22,"column":0},"end":{"line":22,"column":null}},"1":{"start":{"line":23,"column":0},"end":{"line":23,"column":null}},"2":{"start":{"line":30,"column":0},"end":{"line":30,"column":null}},"3":{"start":{"line":31,"column":0},"end":{"line":31,"column":null}},"4":{"start":{"line":34,"column":0},"end":{"line":34,"column":null}},"5":{"start":{"line":30,"column":0},"end":{"line":25,"column":null}}},"fnMap":{"0":{"name":"(anonymous_1)","decl":{"start":{"line":30,"column":0},"end":{"line":30,"column":null}},"loc":{"start":{"line":30,"column":0},"end":{"line":36,"column":null}}},"1":{"name":"(anonymous_2)","decl":{"start":{"line":33,"column":0},"end":{"line":33,"column":null}},"loc":{"start":{"line":33,"column":0},"end":{"line":35,"column":null}}}},"branchMap":{},"s":{"0":1,"1":1,"2":1,"3":4,"4":0,"5":1},"f":{"0":4,"1":0},"b":{}}
,"C:\\Users\\S2adPC\\Documents\\Projets\\boat-app-gui\\src\\services\\http.ts": {"path":"C:\\Users\\S2adPC\\Documents\\Projets\\boat-app-gui\\src\\services\\http.ts","statementMap":{"0":{"start":{"line":1,"column":0},"end":{"line":1,"column":null}},"1":{"start":{"line":2,"column":0},"end":{"line":2,"column":null}},"2":{"start":{"line":4,"column":23},"end":{"line":4,"column":null}},"3":{"start":{"line":6,"column":15},"end":{"line":29,"column":null}},"4":{"start":{"line":7,"column":15},"end":{"line":7,"column":21}},"5":{"start":{"line":12,"column":2},"end":{"line":12,"column":6}},"6":{"start":{"line":14,"column":6},"end":{"line":14,"column":13}},"7":{"start":{"line":15,"column":6},"end":{"line":17,"column":null}},"8":{"start":{"line":16,"column":8},"end":{"line":16,"column":14}},"9":{"start":{"line":19,"column":6},"end":{"line":19,"column":13}},"10":{"start":{"line":22,"column":6},"end":{"line":22,"column":13}},"11":{"start":{"line":23,"column":6},"end":{"line":25,"column":null}},"12":{"start":{"line":24,"column":8},"end":{"line":24,"column":15}},"13":{"start":{"line":28,"column":2},"end":{"line":28,"column":9}}},"fnMap":{"0":{"name":"(anonymous_0)","decl":{"start":{"line":6,"column":15},"end":{"line":6,"column":20}},"loc":{"start":{"line":6,"column":20},"end":{"line":29,"column":null}}},"1":{"name":"(anonymous_1)","decl":{"start":{"line":13,"column":5},"end":{"line":13,"column":17}},"loc":{"start":{"line":13,"column":17},"end":{"line":20,"column":null}}},"2":{"name":"(anonymous_2)","decl":{"start":{"line":21,"column":5},"end":{"line":21,"column":15}},"loc":{"start":{"line":21,"column":15},"end":{"line":26,"column":null}}}},"branchMap":{"0":{"loc":{"start":{"line":4,"column":53},"end":{"line":4,"column":83}},"type":"cond-expr","locations":[{"start":{"line":4,"column":53},"end":{"line":4,"column":83}},{"start":{"line":4,"column":83},"end":{"line":4,"column":null}}]},"1":{"loc":{"start":{"line":15,"column":6},"end":{"line":17,"column":null}},"type":"if","locations":[{"start":{"line":15,"column":6},"end":{"line":17,"column":null}},{"start":{"line":15,"column":6},"end":{"line":17,"column":null}}]},"2":{"loc":{"start":{"line":23,"column":6},"end":{"line":25,"column":null}},"type":"if","locations":[{"start":{"line":23,"column":6},"end":{"line":25,"column":null}},{"start":{"line":23,"column":6},"end":{"line":25,"column":null}}]}},"s":{"0":0,"1":0,"2":0,"3":0,"4":0,"5":0,"6":0,"7":0,"8":0,"9":0,"10":0,"11":0,"12":0,"13":0},"f":{"0":0,"1":0,"2":0},"b":{"0":[0,0],"1":[0,0],"2":[0,0]}}
,"C:\\Users\\S2adPC\\Documents\\Projets\\boat-app-gui\\src\\store\\modules\\boat\\actions.ts": {"path":"C:\\Users\\S2adPC\\Documents\\Projets\\boat-app-gui\\src\\store\\modules\\boat\\actions.ts","statementMap":{"0":{"start":{"line":6,"column":17},"end":{"line":6,"column":-1}},"1":{"start":{"line":6,"column":42},"end":{"line":6,"column":null}},"2":{"start":{"line":8,"column":18},"end":{"line":8,"column":27}},"3":{"start":{"line":9,"column":4},"end":{"line":9,"column":10}},"4":{"start":{"line":13,"column":23},"end":{"line":13,"column":32}},"5":{"start":{"line":14,"column":4},"end":{"line":14,"column":10}},"6":{"start":{"line":18,"column":15},"end":{"line":18,"column":24}},"7":{"start":{"line":19,"column":4},"end":{"line":19,"column":10}},"8":{"start":{"line":23,"column":20},"end":{"line":23,"column":29}},"9":{"start":{"line":24,"column":4},"end":{"line":24,"column":10}},"10":{"start":{"line":28,"column":4},"end":{"line":28,"column":10}},"11":{"start":{"line":29,"column":4},"end":{"line":29,"column":10}},"12":{"start":{"line":33,"column":15},"end":{"line":33,"column":null}}},"fnMap":{"0":{"name":"(anonymous_0)","decl":{"start":{"line":6,"column":17},"end":{"line":6,"column":42}},"loc":{"start":{"line":6,"column":42},"end":{"line":6,"column":null}}},"1":{"name":"(anonymous_1)","decl":{"start":{"line":7,"column":2},"end":{"line":7,"column":8}},"loc":{"start":{"line":7,"column":69},"end":{"line":10,"column":null}}},"2":{"name":"(anonymous_2)","decl":{"start":{"line":12,"column":2},"end":{"line":12,"column":8}},"loc":{"start":{"line":12,"column":87},"end":{"line":15,"column":null}}},"3":{"name":"(anonymous_3)","decl":{"start":{"line":17,"column":2},"end":{"line":17,"column":8}},"loc":{"start":{"line":17,"column":90},"end":{"line":20,"column":null}}},"4":{"name":"(anonymous_4)","decl":{"start":{"line":22,"column":2},"end":{"line":22,"column":8}},"loc":{"start":{"line":22,"column":90},"end":{"line":25,"column":null}}},"5":{"name":"(anonymous_5)","decl":{"start":{"line":27,"column":2},"end":{"line":27,"column":8}},"loc":{"start":{"line":27,"column":82},"end":{"line":30,"column":null}}}},"branchMap":{},"s":{"0":1,"1":1,"2":1,"3":1,"4":1,"5":1,"6":1,"7":1,"8":1,"9":1,"10":1,"11":1,"12":1},"f":{"0":1,"1":1,"2":1,"3":1,"4":1,"5":1},"b":{}}
,"C:\\Users\\S2adPC\\Documents\\Projets\\boat-app-gui\\src\\store\\modules\\boat\\mutations.ts": {"path":"C:\\Users\\S2adPC\\Documents\\Projets\\boat-app-gui\\src\\store\\modules\\boat\\mutations.ts","statementMap":{"0":{"start":{"line":4,"column":43},"end":{"line":4,"column":null}},"1":{"start":{"line":6,"column":4},"end":{"line":6,"column":9}},"2":{"start":{"line":10,"column":18},"end":{"line":10,"column":23}},"3":{"start":{"line":11,"column":27},"end":{"line":11,"column":null}},"4":{"start":{"line":13,"column":4},"end":{"line":17,"column":null}},"5":{"start":{"line":14,"column":6},"end":{"line":14,"column":11}},"6":{"start":{"line":16,"column":6},"end":{"line":16,"column":11}},"7":{"start":{"line":21,"column":23},"end":{"line":21,"column":28}},"8":{"start":{"line":22,"column":24},"end":{"line":22,"column":null}},"9":{"start":{"line":24,"column":4},"end":{"line":24,"column":9}},"10":{"start":{"line":28,"column":15},"end":{"line":28,"column":null}}},"fnMap":{"0":{"name":"(anonymous_0)","decl":{"start":{"line":5,"column":2},"end":{"line":5,"column":11}},"loc":{"start":{"line":5,"column":38},"end":{"line":7,"column":null}}},"1":{"name":"(anonymous_1)","decl":{"start":{"line":9,"column":2},"end":{"line":9,"column":10}},"loc":{"start":{"line":9,"column":40},"end":{"line":18,"column":null}}},"2":{"name":"(anonymous_2)","decl":{"start":{"line":11,"column":18},"end":{"line":11,"column":27}},"loc":{"start":{"line":11,"column":27},"end":{"line":11,"column":null}}},"3":{"name":"(anonymous_3)","decl":{"start":{"line":20,"column":2},"end":{"line":20,"column":12}},"loc":{"start":{"line":20,"column":30},"end":{"line":25,"column":null}}},"4":{"name":"(anonymous_4)","decl":{"start":{"line":22,"column":15},"end":{"line":22,"column":24}},"loc":{"start":{"line":22,"column":24},"end":{"line":22,"column":null}}}},"branchMap":{"0":{"loc":{"start":{"line":13,"column":4},"end":{"line":17,"column":null}},"type":"if","locations":[{"start":{"line":13,"column":4},"end":{"line":17,"column":null}},{"start":{"line":13,"column":4},"end":{"line":17,"column":null}}]}},"s":{"0":1,"1":1,"2":2,"3":2,"4":2,"5":1,"6":1,"7":1,"8":1,"9":1,"10":1},"f":{"0":1,"1":2,"2":2,"3":1,"4":1},"b":{"0":[1,1]}}
,"C:\\Users\\S2adPC\\Documents\\Projets\\boat-app-gui\\src\\views\\Home.vue": {"path":"C:\\Users\\S2adPC\\Documents\\Projets\\boat-app-gui\\src\\views\\Home.vue","statementMap":{"0":{"start":{"line":19,"column":0},"end":{"line":19,"column":null}},"1":{"start":{"line":20,"column":0},"end":{"line":20,"column":null}},"2":{"start":{"line":27,"column":0},"end":{"line":27,"column":null}},"3":{"start":{"line":27,"column":0},"end":{"line":22,"column":null}}},"fnMap":{},"branchMap":{},"s":{"0":0,"1":0,"2":0,"3":0},"f":{},"b":{}}
}
