TN:
SF:C:\Users\S2adPC\Documents\Projets\boat-app-gui\src\test-utils.ts
FN:9,wrapper
FN:13,(anonymous_1)
FN:21,(anonymous_2)
FN:32,(anonymous_3)
FN:33,(anonymous_4)
FN:36,(anonymous_5)
FN:38,(anonymous_6)
FNF:7
FNH:7
FNDA:18,wrapper
FNDA:12,(anonymous_1)
FNDA:6,(anonymous_2)
FNDA:12,(anonymous_3)
FNDA:6,(anonymous_4)
FNDA:27,(anonymous_5)
FNDA:7,(anonymous_6)
DA:2,4
DA:3,4
DA:7,4
DA:10,18
DA:11,18
DA:12,18
DA:14,12
DA:22,6
DA:31,4
DA:32,12
DA:33,6
DA:36,27
DA:38,4
DA:39,7
DA:40,7
DA:43,4
LF:16
LH:16
BRDA:32,0,0,0
BRDA:33,1,0,0
BRF:2
BRH:0
end_of_record
TN:
SF:C:\Users\S2adPC\Documents\Projets\boat-app-gui\src\components\BoatButtonActions.vue
FN:35,(anonymous_1)
FN:44,(anonymous_2)
FN:48,(anonymous_3)
FN:52,(anonymous_4)
FN:57,(anonymous_5)
FN:61,(anonymous_6)
FNF:6
FNH:5
FNDA:16,(anonymous_1)
FNDA:3,(anonymous_2)
FNDA:2,(anonymous_3)
FNDA:1,(anonymous_4)
FNDA:2,(anonymous_5)
FNDA:0,(anonymous_6)
DA:23,2
DA:24,2
DA:25,2
DA:26,2
DA:28,2
DA:35,2
DA:36,2
DA:38,2
DA:40,16
DA:42,16
DA:45,3
DA:49,2
DA:53,1
DA:54,1
DA:58,2
DA:62,0
LF:16
LH:15
BRF:0
BRH:0
end_of_record
TN:
SF:C:\Users\S2adPC\Documents\Projets\boat-app-gui\src\components\ConfirmModal.vue
FN:21,(anonymous_1)
FN:24,(anonymous_2)
FN:29,(anonymous_3)
FNF:3
FNH:3
FNDA:4,(anonymous_1)
FNDA:1,(anonymous_2)
FNDA:1,(anonymous_3)
DA:18,3
DA:21,6
DA:22,4
DA:25,1
DA:26,1
DA:30,1
DA:31,1
LF:7
LH:7
BRF:0
BRH:0
end_of_record
TN:
SF:C:\Users\S2adPC\Documents\Projets\boat-app-gui\src\components\DescriptionBoat.vue
FN:47,(anonymous_1)
FN:56,(anonymous_2)
FN:57,(anonymous_3)
FN:60,(anonymous_4)
FN:64,(anonymous_5)
FNF:5
FNH:5
FNDA:6,(anonymous_1)
FNDA:8,(anonymous_2)
FNDA:4,(anonymous_3)
FNDA:3,(anonymous_4)
FNDA:2,(anonymous_5)
DA:34,3
DA:37,3
DA:38,3
DA:40,3
DA:47,3
DA:48,3
DA:50,3
DA:52,3
DA:54,6
DA:57,12
DA:61,3
DA:64,3
DA:65,2
LF:13
LH:13
BRDA:57,0,0,20
BRDA:57,0,1,18
BRF:2
BRH:2
end_of_record
TN:
SF:C:\Users\S2adPC\Documents\Projets\boat-app-gui\src\components\EditBoatModal.vue
FN:79,(anonymous_1)
FN:96,(anonymous_2)
FN:103,(anonymous_3)
FN:109,(anonymous_4)
FN:113,(anonymous_5)
FN:123,(anonymous_6)
FN:127,(anonymous_7)
FN:131,(anonymous_8)
FNF:8
FNH:7
FNDA:8,(anonymous_1)
FNDA:13,(anonymous_2)
FNDA:0,(anonymous_3)
FNDA:2,(anonymous_4)
FNDA:2,(anonymous_5)
FNDA:2,(anonymous_6)
FNDA:8,(anonymous_7)
FNDA:3,(anonymous_8)
DA:64,3
DA:65,3
DA:67,3
DA:68,3
DA:70,3
DA:79,3
DA:80,3
DA:82,3
DA:84,3
DA:86,3
DA:88,3
DA:90,8
DA:97,13
DA:104,0
DA:105,0
DA:110,2
DA:114,2
DA:115,2
DA:116,1
DA:118,1
DA:120,2
DA:124,2
DA:128,8
DA:129,3
DA:131,6
DA:132,3
LF:26
LH:24
BRDA:97,0,0,13
BRDA:97,0,1,8
BRDA:104,1,0,0
BRDA:104,1,1,0
BRDA:115,2,0,1
BRDA:115,2,1,1
BRDA:128,3,0,3
BRDA:128,3,1,5
BRDA:131,4,0,2
BRDA:131,5,0,3
BRDA:131,5,1,0
BRF:11
BRH:8
end_of_record
TN:
SF:C:\Users\S2adPC\Documents\Projets\boat-app-gui\src\components\ListBoat.vue
FN:51,(anonymous_1)
FN:60,(anonymous_2)
FN:87,(anonymous_3)
FNF:3
FNH:3
FNDA:4,(anonymous_1)
FNDA:1,(anonymous_2)
FNDA:4,(anonymous_3)
DA:35,1
DA:36,1
DA:37,1
DA:39,1
DA:40,1
DA:42,1
DA:51,1
DA:52,1
DA:54,1
DA:56,1
DA:58,4
DA:61,1
DA:63,1
DA:64,1
DA:66,1
DA:67,1
DA:71,4
DA:88,4
DA:90,4
DA:91,4
LF:20
LH:20
BRDA:63,0,0,1
BRDA:63,0,1,0
BRDA:63,1,0,1
BRDA:63,1,1,1
BRF:4
BRH:3
end_of_record
TN:
SF:C:\Users\S2adPC\Documents\Projets\boat-app-gui\src\components\Toolbar.vue
FN:30,(anonymous_1)
FN:33,(anonymous_2)
FNF:2
FNH:1
FNDA:4,(anonymous_1)
FNDA:0,(anonymous_2)
DA:22,1
DA:23,1
DA:30,1
DA:31,4
DA:34,0
LF:5
LH:4
BRF:0
BRH:0
end_of_record
TN:
SF:C:\Users\S2adPC\Documents\Projets\boat-app-gui\src\services\http.ts
FN:6,(anonymous_0)
FN:13,(anonymous_1)
FN:21,(anonymous_2)
FNF:3
FNH:0
FNDA:0,(anonymous_0)
FNDA:0,(anonymous_1)
FNDA:0,(anonymous_2)
DA:1,0
DA:2,0
DA:4,0
DA:6,0
DA:7,0
DA:12,0
DA:14,0
DA:15,0
DA:16,0
DA:19,0
DA:22,0
DA:23,0
DA:24,0
DA:28,0
LF:14
LH:0
BRDA:4,0,0,0
BRDA:4,0,1,0
BRDA:15,1,0,0
BRDA:15,1,1,0
BRDA:23,2,0,0
BRDA:23,2,1,0
BRF:6
BRH:0
end_of_record
TN:
SF:C:\Users\S2adPC\Documents\Projets\boat-app-gui\src\store\modules\boat\actions.ts
FN:6,(anonymous_0)
FN:7,(anonymous_1)
FN:12,(anonymous_2)
FN:17,(anonymous_3)
FN:22,(anonymous_4)
FN:27,(anonymous_5)
FNF:6
FNH:6
FNDA:1,(anonymous_0)
FNDA:1,(anonymous_1)
FNDA:1,(anonymous_2)
FNDA:1,(anonymous_3)
FNDA:1,(anonymous_4)
FNDA:1,(anonymous_5)
DA:6,1
DA:8,1
DA:9,1
DA:13,1
DA:14,1
DA:18,1
DA:19,1
DA:23,1
DA:24,1
DA:28,1
DA:29,1
DA:33,1
LF:12
LH:12
BRF:0
BRH:0
end_of_record
TN:
SF:C:\Users\S2adPC\Documents\Projets\boat-app-gui\src\store\modules\boat\mutations.ts
FN:5,(anonymous_0)
FN:9,(anonymous_1)
FN:11,(anonymous_2)
FN:20,(anonymous_3)
FN:22,(anonymous_4)
FNF:5
FNH:5
FNDA:1,(anonymous_0)
FNDA:2,(anonymous_1)
FNDA:2,(anonymous_2)
FNDA:1,(anonymous_3)
FNDA:1,(anonymous_4)
DA:4,1
DA:6,1
DA:10,2
DA:11,2
DA:13,2
DA:14,1
DA:16,1
DA:21,1
DA:22,1
DA:24,1
DA:28,1
LF:11
LH:11
BRDA:13,0,0,1
BRDA:13,0,1,1
BRF:2
BRH:2
end_of_record
TN:
SF:C:\Users\S2adPC\Documents\Projets\boat-app-gui\src\views\Home.vue
FNF:0
FNH:0
DA:19,0
DA:20,0
DA:27,0
LF:3
LH:0
BRF:0
BRH:0
end_of_record
